#
# There is insufficient memory for the Java Runtime Environment to continue.
# Native memory allocation (malloc) failed to allocate 1048576 bytes for AllocateHeap
# Possible reasons:
#   The system is out of physical RAM or swap space
#   In 32 bit mode, the process size limit was hit
# Possible solutions:
#   Reduce memory load on the system
#   Increase physical memory or swap space
#   Check if swap backing store is full
#   Use 64 bit Java on a 64 bit OS
#   Decrease Java heap size (-Xmx/-Xms)
#   Decrease number of Java threads
#   Decrease Java thread stack sizes (-Xss)
#   Set larger code cache with -XX:ReservedCodeCacheSize=
# This output file may be truncated or incomplete.
#
#  Out of Memory Error (memory/allocation.inline.hpp:61), pid=16512, tid=0x0000000000001010
#
# JRE version:  (8.0_172-b11) (build )
# Java VM: Java HotSpot(TM) 64-Bit Server VM (25.172-b11 mixed mode windows-amd64 compressed oops)
# Failed to write core dump. Minidumps are not enabled by default on client versions of Windows
#

---------------  T H R E A D  ---------------

Current thread (0x0000000002926800):  JavaThread "Unknown thread" [_thread_in_vm, id=4112, stack(0x00000000026c0000,0x00000000027c0000)]

Stack: [0x00000000026c0000,0x00000000027c0000]
[error occurred during error reporting (printing stack bounds), id 0xc0000005]

Native frames: (J=compiled Java code, j=interpreted, Vv=VM code, C=native code)


---------------  P R O C E S S  ---------------

Java Threads: ( => current thread )

Other Threads:

=>0x0000000002926800 (exited) JavaThread "Unknown thread" [_thread_in_vm, id=4112, stack(0x00000000026c0000,0x00000000027c0000)]

VM state:not at safepoint (normal execution)

VM Mutex/Monitor currently owned by a thread: None

Heap:
 PSYoungGen      total 76288K, used 1310K [0x000000076b180000, 0x0000000770680000, 0x00000007c0000000)
  eden space 65536K, 2% used [0x000000076b180000,0x000000076b2c7af0,0x000000076f180000)
  from space 10752K, 0% used [0x000000076fc00000,0x000000076fc00000,0x0000000770680000)
  to   space 10752K, 0% used [0x000000076f180000,0x000000076f180000,0x000000076fc00000)
 ParOldGen       total 175104K, used 0K [0x00000006c1400000, 0x00000006cbf00000, 0x000000076b180000)
  object space 175104K, 0% used [0x00000006c1400000,0x00000006c1400000,0x00000006cbf00000)
 Metaspace       used 775K, capacity 4480K, committed 4480K, reserved 1056768K
  class space    used 76K, capacity 384K, committed 384K, reserved 1048576K

Card table byte_map: [0x0000000011de0000,0x00000000125e0000] byte_map_base: 0x000000000e7d6000

Marking Bits: (ParMarkBitMap*) 0x000000006a093c10
 Begin Bits: [0x0000000013330000, 0x00000000172e0000)
 End Bits:   [0x00000000172e0000, 0x000000001b290000)

Polling page: 0x00000000001f0000

CodeCache: size=245760Kb used=328Kb max_used=328Kb free=245431Kb
 bounds [0x0000000002a20000, 0x0000000002c90000, 0x0000000011a20000]
 total_blobs=58 nmethods=0 adapters=38
 compilation: enabled

Compilation events (0 events):
No events

GC Heap History (0 events):
No events

Deoptimization events (0 events):
No events

Classes redefined (0 events):
No events

Internal exceptions (0 events):
No events

Events (10 events):
Event: 0.028 loading class java/lang/Short
Event: 0.028 loading class java/lang/Short done
Event: 0.028 loading class java/lang/Integer
Event: 0.028 loading class java/lang/Integer done
Event: 0.028 loading class java/lang/Long
Event: 0.028 loading class java/lang/Long done
Event: 0.029 loading class java/lang/NullPointerException
Event: 0.029 loading class java/lang/NullPointerException done
Event: 0.029 loading class java/lang/ArithmeticException
Event: 0.030 loading class java/lang/ArithmeticException done


Dynamic libraries:
0x00007ff641ad0000 - 0x00007ff641b07000 	D:\Program Files\Java\jdk1.8.0_172\bin\java.exe
0x00007ffc2ad50000 - 0x00007ffc2af3d000 	C:\Windows\SYSTEM32\ntdll.dll
0x00007ffc2ac60000 - 0x00007ffc2ad13000 	C:\Windows\System32\KERNEL32.DLL
0x00007ffc27100000 - 0x00007ffc27393000 	C:\Windows\System32\KERNELBASE.dll
0x00007ffc28020000 - 0x00007ffc280c3000 	C:\Windows\System32\ADVAPI32.dll
0x00007ffc296d0000 - 0x00007ffc2976e000 	C:\Windows\System32\msvcrt.dll
0x00007ffc286a0000 - 0x00007ffc2873e000 	C:\Windows\System32\sechost.dll
0x00007ffc288f0000 - 0x00007ffc28a12000 	C:\Windows\System32\RPCRT4.dll
0x00007ffc29030000 - 0x00007ffc291c7000 	C:\Windows\System32\USER32.dll
0x00007ffc27550000 - 0x00007ffc27570000 	C:\Windows\System32\win32u.dll
0x00007ffc280d0000 - 0x00007ffc280f9000 	C:\Windows\System32\GDI32.dll
0x00007ffc26e20000 - 0x00007ffc26fba000 	C:\Windows\System32\gdi32full.dll
0x00007ffc27060000 - 0x00007ffc27100000 	C:\Windows\System32\msvcp_win.dll
0x00007ffc27450000 - 0x00007ffc2754c000 	C:\Windows\System32\ucrtbase.dll
0x00007ffc0c550000 - 0x00007ffc0c7c9000 	C:\Windows\WinSxS\amd64_microsoft.windows.common-controls_6595b64144ccf1df_6.0.17763.316_none_05b53be2071f46b6\COMCTL32.dll
0x00007ffc281b0000 - 0x00007ffc284dd000 	C:\Windows\System32\combase.dll
0x00007ffc26fe0000 - 0x00007ffc2705e000 	C:\Windows\System32\bcryptPrimitives.dll
0x00007ffc27ff0000 - 0x00007ffc2801e000 	C:\Windows\System32\IMM32.DLL
0x000000006ad40000 - 0x000000006ae12000 	D:\Program Files\Java\jdk1.8.0_172\jre\bin\msvcr100.dll
0x0000000069870000 - 0x000000006a113000 	D:\Program Files\Java\jdk1.8.0_172\jre\bin\server\jvm.dll
0x00007ffc27f80000 - 0x00007ffc27f88000 	C:\Windows\System32\PSAPI.DLL
0x00007ffc22740000 - 0x00007ffc2274a000 	C:\Windows\SYSTEM32\VERSION.dll
0x00007ffc15fa0000 - 0x00007ffc15fc4000 	C:\Windows\SYSTEM32\WINMM.dll
0x00007ffc22d70000 - 0x00007ffc22d79000 	C:\Windows\SYSTEM32\WSOCK32.dll
0x00007ffc29400000 - 0x00007ffc2946d000 	C:\Windows\System32\WS2_32.dll
0x00007ffc15f70000 - 0x00007ffc15f9d000 	C:\Windows\SYSTEM32\WINMMBASE.dll
0x00007ffc27400000 - 0x00007ffc2744a000 	C:\Windows\System32\cfgmgr32.dll
0x000000006ad30000 - 0x000000006ad3f000 	D:\Program Files\Java\jdk1.8.0_172\jre\bin\verify.dll
0x000000006ad00000 - 0x000000006ad29000 	D:\Program Files\Java\jdk1.8.0_172\jre\bin\java.dll
0x000000006ac10000 - 0x000000006ac33000 	D:\Program Files\Java\jdk1.8.0_172\jre\bin\instrument.dll
0x000000006ace0000 - 0x000000006acf6000 	D:\Program Files\Java\jdk1.8.0_172\jre\bin\zip.dll

VM Arguments:
jvm_args: -javaagent:D:\Program Files\JetBrains\IntelliJ IDEA 2018.3\lib\idea_rt.jar=50492:D:\Program Files\JetBrains\IntelliJ IDEA 2018.3\bin -Dfile.encoding=UTF-8 
java_command: review.miaosha.MiaoshaService
java_class_path (initial): D:\Program Files\Java\jdk1.8.0_172\jre\lib\charsets.jar;D:\Program Files\Java\jdk1.8.0_172\jre\lib\deploy.jar;D:\Program Files\Java\jdk1.8.0_172\jre\lib\ext\access-bridge-64.jar;D:\Program Files\Java\jdk1.8.0_172\jre\lib\ext\cldrdata.jar;D:\Program Files\Java\jdk1.8.0_172\jre\lib\ext\dnsns.jar;D:\Program Files\Java\jdk1.8.0_172\jre\lib\ext\jaccess.jar;D:\Program Files\Java\jdk1.8.0_172\jre\lib\ext\jfxrt.jar;D:\Program Files\Java\jdk1.8.0_172\jre\lib\ext\localedata.jar;D:\Program Files\Java\jdk1.8.0_172\jre\lib\ext\nashorn.jar;D:\Program Files\Java\jdk1.8.0_172\jre\lib\ext\sunec.jar;D:\Program Files\Java\jdk1.8.0_172\jre\lib\ext\sunjce_provider.jar;D:\Program Files\Java\jdk1.8.0_172\jre\lib\ext\sunmscapi.jar;D:\Program Files\Java\jdk1.8.0_172\jre\lib\ext\sunpkcs11.jar;D:\Program Files\Java\jdk1.8.0_172\jre\lib\ext\zipfs.jar;D:\Program Files\Java\jdk1.8.0_172\jre\lib\javaws.jar;D:\Program Files\Java\jdk1.8.0_172\jre\lib\jce.jar;D:\Program Files\Java\jdk1.8.0_172\jre\lib\jfr.jar;D:\Program Files\Java\jdk1.8.0_172\jre\lib\jfxswt.jar;D:\Program Files\Java\jdk1.8.0_172\jre\lib\jsse.jar;D:\Program Files\Java\jdk1.8.0_172\jre\lib\management-agent.jar;D:\Program Files\Java\jdk1.8.0_172\jre\lib\plugin.jar;D:\Program Files\Java\jdk1.8.0_172\jre\lib\resources.jar;D:\Program Files\Java\jdk1.8.0_172\jre\lib\rt.jar;F:\work\my_github\hyytest\demo\target\classes;C:\Users\24595\.m2\repository\joda-time\joda-time\2.9.9\joda-time-2.9.9.jar;C:\Users\24595\.m2\repository\org\projectlombok\lombok\1.16.20\lombok-1.16.20.jar;C:\Users\24595\.m2\repository\com\google\protobuf\protobuf-java\3.3.1\protobuf-java-3.3.1.jar;C:\Users\24595\.m2\repository\javax\servlet\jstl\1.2\jstl-1.2.jar;C:\Users\24595\.m2\repository\org\springframework\spring-core\5.0.7.RELEASE\spring-core-5.0.7.RELEASE.jar;C:\Users\24595\.m2\repository\org\springframework\spring-jcl\5.0.7.RELEASE\spring-jcl-5.0.7.RELEASE.jar;C:\Users\24595\.m2\repository\org\springframework\spring-expression\5.0.7.R
Launcher Type: SUN_STANDARD

Environment Variables:
JAVA_HOME=D:\Program Files\Java\jdk1.8.0_172
PATH=C:\Program Files\Docker\Docker\Resources\bin;C:\Windows\system32;C:\Windows;C:\Windows\System32\Wbem;C:\Windows\System32\WindowsPowerShell\v1.0\;C:\Windows\System32\OpenSSH\;D:\Program Files\Git\cmd;D:\Program Files\Java\jdk1.8.0_172\bin;D:\Program Files\Java\jdk1.8.0_172\jre\bin;D:\soft\BuildTools\apache-maven-3.3.9\bin;D:\soft\go\bin;F:\go_work\bin;D:\soft\mysql-5.7.19-winx64;C:\Program Files\MySQL\MySQL Server 5.7\bin;C:\Users\24595\AppData\Local\Programs\Python\Python37\Scripts\;C:\Users\24595\AppData\Local\Programs\Python\Python37\;C:\Users\24595\AppData\Local\Microsoft\WindowsApps
USERNAME=24595
OS=Windows_NT
PROCESSOR_IDENTIFIER=Intel64 Family 6 Model 158 Stepping 9, GenuineIntel



---------------  S Y S T E M  ---------------

OS: Windows 10.0 , 64 bit Build 17763 (10.0.17763.292)

CPU:total 8 (initial active 8) (4 cores per cpu, 2 threads per core) family 6 model 158 stepping 9, cmov, cx8, fxsr, mmx, sse, sse2, sse3, ssse3, sse4.1, sse4.2, popcnt, avx, avx2, aes, clmul, erms, 3dnowpref, lzcnt, ht, tsc, tscinvbit, bmi1, bmi2, adx

Memory: 4k page, physical 16691404k(3443880k free), swap 32320712k(5608k free)

vm_info: Java HotSpot(TM) 64-Bit Server VM (25.172-b11) for windows-amd64 JRE (1.8.0_172-b11), built on Mar 28 2018 21:21:52 by "java_re" with MS VC++ 10.0 (VS2010)

time: Sun Mar 03 00:38:19 2019
elapsed time: 0 seconds (0d 0h 0m 0s)

